<?xml version="1.0" encoding="UTF-8"?>
<testsuite xmlns:xsi="http://www.w3.org/2001/XMLSchema-instance" xsi:noNamespaceSchemaLocation="https://maven.apache.org/surefire/maven-surefire-plugin/xsd/surefire-test-report-3.0.xsd" version="3.0" name="com.example.utils.ListUtilsTest" time="0.014" tests="6" errors="0" skipped="0" failures="0">
  <properties>
[...]
</properties>
  <testcase name="testMoverCerosAlFinalSinCeros" classname="com.example.utils.ListUtilsTest" time="0.002"/>
  <testcase name="testContarParesSinPares" classname="com.example.utils.ListUtilsTest" time="0.001"/>
  <testcase name="testContarParesTodoPares" classname="com.example.utils.ListUtilsTest" time="0.001"/>
  <testcase name="testContarPares" classname="com.example.utils.ListUtilsTest" time="0.006"/>
  <testcase name="testMoverCerosAlFinal" classname="com.example.utils.ListUtilsTest" time="0.001"/>
  <testcase name="testMoverCerosAlFinalTodosCeros" classname="com.example.utils.ListUtilsTest" time="0.0"/>
</testsuite>